# JRE version: OpenJDK Runtime Environment (17.0.6) (build 17.0.6+0-b2043.56-10027231)
# Java VM: OpenJDK 64-Bit Server VM (17.0.6+0-b2043.56-10027231, mixed mode, tiered, compressed oops, compressed class ptrs, g1 gc, windows-amd64)
GC Precious Log:
 CPUs: 8 total, 8 available
 Memory: 24359M
 Large Page Support: Disabled
 NUMA Support: Disabled
 Compressed Oops: Enabled (32-bit)
 Heap Region Size: 1M
 Heap Min Capacity: 8M
 Heap Initial Capacity: 382M
 Heap Max Capacity: 2G
 Pre-touch: Disabled
 Parallel Workers: 8
 Concurrent Workers: 2
 Concurrent Refinement Workers: 8
 Periodic GC: Disabled
Heap:
 garbage-first heap   total 230400K, used 129792K [0x0000000080000000, 0x0000000100000000)
  region size 1024K, 14 young (14336K), 5 survivors (5120K)
 Metaspace       used 122470K, committed 123328K, reserved 1163264K
  class space    used 16329K, committed 16768K, reserved 1048576K
GC Heap History (20 events):
Event: 9.741 GC heap before
{Heap before GC invocations=26 (full 0):
 garbage-first heap   total 191488K, used 149530K [0x0000000080000000, 0x0000000100000000)
  region size 1024K, 61 young (62464K), 7 survivors (7168K)
 Metaspace       used 98322K, committed 99008K, reserved 1138688K
  class space    used 13269K, committed 13568K, reserved 1048576K
}
Event: 9.748 GC heap after
{Heap after GC invocations=27 (full 0):
 garbage-first heap   total 191488K, used 99613K [0x0000000080000000, 0x0000000100000000)
  region size 1024K, 7 young (7168K), 7 survivors (7168K)
 Metaspace       used 98322K, committed 99008K, reserved 1138688K
  class space    used 13269K, committed 13568K, reserved 1048576K
}
Event: 17.198 GC heap before
{Heap before GC invocations=28 (full 0):
 garbage-first heap   total 191488K, used 151837K [0x0000000080000000, 0x0000000100000000)
  region size 1024K, 59 young (60416K), 7 survivors (7168K)
 Metaspace       used 106567K, committed 107328K, reserved 1146880K
  class space    used 14274K, committed 14656K, reserved 1048576K
}
Event: 17.204 GC heap after
{Heap after GC invocations=29 (full 0):
 garbage-first heap   total 191488K, used 102742K [0x0000000080000000, 0x0000000100000000)
  region size 1024K, 4 young (4096K), 4 survivors (4096K)
 Metaspace       used 106567K, committed 107328K, reserved 1146880K
  class space    used 14274K, committed 14656K, reserved 1048576K
}
Event: 172.139 GC heap before
{Heap before GC invocations=29 (full 0):
 garbage-first heap   total 191488K, used 107862K [0x0000000080000000, 0x0000000100000000)
  region size 1024K, 9 young (9216K), 4 survivors (4096K)
 Metaspace       used 107070K, committed 107840K, reserved 1146880K
  class space    used 14311K, committed 14720K, reserved 1048576K
}
Event: 172.143 GC heap after
{Heap after GC invocations=30 (full 0):
 garbage-first heap   total 191488K, used 102088K [0x0000000080000000, 0x0000000100000000)
  region size 1024K, 1 young (1024K), 1 survivors (1024K)
 Metaspace       used 107070K, committed 107840K, reserved 1146880K
  class space    used 14311K, committed 14720K, reserved 1048576K
}
Event: 172.805 GC heap before
{Heap before GC invocations=30 (full 0):
 garbage-first heap   total 191488K, used 155336K [0x0000000080000000, 0x0000000100000000)
  region size 1024K, 53 young (54272K), 1 survivors (1024K)
 Metaspace       used 108030K, committed 108864K, reserved 1146880K
  class space    used 14391K, committed 14784K, reserved 1048576K
}
Event: 172.810 GC heap after
{Heap after GC invocations=31 (full 0):
 garbage-first heap   total 191488K, used 107087K [0x0000000080000000, 0x0000000100000000)
  region size 1024K, 6 young (6144K), 6 survivors (6144K)
 Metaspace       used 108030K, committed 108864K, reserved 1146880K
  class space    used 14391K, committed 14784K, reserved 1048576K
}
Event: 173.258 GC heap before
{Heap before GC invocations=32 (full 0):
 garbage-first heap   total 191488K, used 156239K [0x0000000080000000, 0x0000000100000000)
  region size 1024K, 54 young (55296K), 6 survivors (6144K)
 Metaspace       used 109375K, committed 110208K, reserved 1146880K
  class space    used 14569K, committed 14976K, reserved 1048576K
}
Event: 173.265 GC heap after
{Heap after GC invocations=33 (full 0):
 garbage-first heap   total 191488K, used 114151K [0x0000000080000000, 0x0000000100000000)
  region size 1024K, 7 young (7168K), 7 survivors (7168K)
 Metaspace       used 109375K, committed 110208K, reserved 1146880K
  class space    used 14569K, committed 14976K, reserved 1048576K
}
Event: 173.290 GC heap before
{Heap before GC invocations=33 (full 0):
 garbage-first heap   total 191488K, used 116199K [0x0000000080000000, 0x0000000100000000)
  region size 1024K, 9 young (9216K), 7 survivors (7168K)
 Metaspace       used 109419K, committed 110208K, reserved 1146880K
  class space    used 14571K, committed 14976K, reserved 1048576K
}
Event: 173.300 GC heap after
{Heap after GC invocations=34 (full 0):
 garbage-first heap   total 230400K, used 108495K [0x0000000080000000, 0x0000000100000000)
  region size 1024K, 2 young (2048K), 2 survivors (2048K)
 Metaspace       used 109419K, committed 110208K, reserved 1146880K
  class space    used 14571K, committed 14976K, reserved 1048576K
}
Event: 174.035 GC heap before
{Heap before GC invocations=34 (full 0):
 garbage-first heap   total 230400K, used 181199K [0x0000000080000000, 0x0000000100000000)
  region size 1024K, 74 young (75776K), 2 survivors (2048K)
 Metaspace       used 112624K, committed 113408K, reserved 1146880K
  class space    used 14940K, committed 15296K, reserved 1048576K
}
Event: 174.044 GC heap after
{Heap after GC invocations=35 (full 0):
 garbage-first heap   total 230400K, used 115458K [0x0000000080000000, 0x0000000100000000)
  region size 1024K, 8 young (8192K), 8 survivors (8192K)
 Metaspace       used 112624K, committed 113408K, reserved 1146880K
  class space    used 14940K, committed 15296K, reserved 1048576K
}
Event: 174.601 GC heap before
{Heap before GC invocations=36 (full 0):
 garbage-first heap   total 230400K, used 183042K [0x0000000080000000, 0x0000000100000000)
  region size 1024K, 75 young (76800K), 8 survivors (8192K)
 Metaspace       used 113063K, committed 113856K, reserved 1155072K
  class space    used 14984K, committed 15360K, reserved 1048576K
}
Event: 174.611 GC heap after
{Heap after GC invocations=37 (full 0):
 garbage-first heap   total 230400K, used 120337K [0x0000000080000000, 0x0000000100000000)
  region size 1024K, 7 young (7168K), 7 survivors (7168K)
 Metaspace       used 113063K, committed 113856K, reserved 1155072K
  class space    used 14984K, committed 15360K, reserved 1048576K
}
Event: 174.651 GC heap before
{Heap before GC invocations=37 (full 0):
 garbage-first heap   total 230400K, used 123409K [0x0000000080000000, 0x0000000100000000)
  region size 1024K, 11 young (11264K), 7 survivors (7168K)
 Metaspace       used 113273K, committed 114112K, reserved 1155072K
  class space    used 15012K, committed 15424K, reserved 1048576K
}
Event: 174.657 GC heap after
{Heap after GC invocations=38 (full 0):
 garbage-first heap   total 230400K, used 118884K [0x0000000080000000, 0x0000000100000000)
  region size 1024K, 2 young (2048K), 2 survivors (2048K)
 Metaspace       used 113273K, committed 114112K, reserved 1155072K
  class space    used 15012K, committed 15424K, reserved 1048576K
}
Event: 178.391 GC heap before
{Heap before GC invocations=38 (full 0):
 garbage-first heap   total 230400K, used 184420K [0x0000000080000000, 0x0000000100000000)
  region size 1024K, 67 young (68608K), 2 survivors (2048K)
 Metaspace       used 120490K, committed 121344K, reserved 1155072K
  class space    used 16069K, committed 16512K, reserved 1048576K
}
Event: 178.399 GC heap after
{Heap after GC invocations=39 (full 0):
 garbage-first heap   total 230400K, used 122624K [0x0000000080000000, 0x0000000100000000)
  region size 1024K, 5 young (5120K), 5 survivors (5120K)
 Metaspace       used 120490K, committed 121344K, reserved 1155072K
  class space    used 16069K, committed 16512K, reserved 1048576K
}

