# JRE version: OpenJDK Runtime Environment JBR-17.0.9+7-1087.7-jcef (17.0.9+7) (build 17.0.9+7-b1087.7)
# Java VM: OpenJDK 64-Bit Server VM JBR-17.0.9+7-1087.7-jcef (17.0.9+7-b1087.7, mixed mode, tiered, compressed oops, compressed class ptrs, g1 gc, windows-amd64)
GC Precious Log:
 CPUs: 8 total, 8 available
 Memory: 24359M
 Large Page Support: Disabled
 NUMA Support: Disabled
 Compressed Oops: Enabled (32-bit)
 Heap Region Size: 1M
 Heap Min Capacity: 8M
 Heap Initial Capacity: 382M
 Heap Max Capacity: 2G
 Pre-touch: Disabled
 Parallel Workers: 8
 Concurrent Workers: 2
 Concurrent Refinement Workers: 8
 Periodic GC: Disabled
Heap:
 garbage-first heap   total 376832K, used 191934K [0x0000000080000000, 0x0000000100000000)
  region size 1024K, 72 young (73728K), 2 survivors (2048K)
 Metaspace       used 105434K, committed 106176K, reserved 1179648K
  class space    used 14249K, committed 14656K, reserved 1048576K
GC Heap History (20 events):
Event: 14.819 GC heap before
{Heap before GC invocations=20 (full 0):
 garbage-first heap   total 188416K, used 146671K [0x0000000080000000, 0x0000000100000000)
  region size 1024K, 77 young (78848K), 6 survivors (6144K)
 Metaspace       used 91809K, committed 92416K, reserved 1179648K
  class space    used 12630K, committed 12928K, reserved 1048576K
}
Event: 14.831 GC heap after
{Heap after GC invocations=21 (full 0):
 garbage-first heap   total 188416K, used 82022K [0x0000000080000000, 0x0000000100000000)
  region size 1024K, 10 young (10240K), 10 survivors (10240K)
 Metaspace       used 91809K, committed 92416K, reserved 1179648K
  class space    used 12630K, committed 12928K, reserved 1048576K
}
Event: 15.435 GC heap before
{Heap before GC invocations=21 (full 0):
 garbage-first heap   total 188416K, used 148582K [0x0000000080000000, 0x0000000100000000)
  region size 1024K, 75 young (76800K), 10 survivors (10240K)
 Metaspace       used 92414K, committed 93056K, reserved 1179648K
  class space    used 12746K, committed 13056K, reserved 1048576K
}
Event: 15.445 GC heap after
{Heap after GC invocations=22 (full 0):
 garbage-first heap   total 188416K, used 88821K [0x0000000080000000, 0x0000000100000000)
  region size 1024K, 7 young (7168K), 7 survivors (7168K)
 Metaspace       used 92414K, committed 93056K, reserved 1179648K
  class space    used 12746K, committed 13056K, reserved 1048576K
}
Event: 15.841 GC heap before
{Heap before GC invocations=22 (full 0):
 garbage-first heap   total 188416K, used 148213K [0x0000000080000000, 0x0000000100000000)
  region size 1024K, 66 young (67584K), 7 survivors (7168K)
 Metaspace       used 92790K, committed 93440K, reserved 1179648K
  class space    used 12768K, committed 13120K, reserved 1048576K
}
Event: 15.846 GC heap after
{Heap after GC invocations=23 (full 0):
 garbage-first heap   total 188416K, used 92213K [0x0000000080000000, 0x0000000100000000)
  region size 1024K, 6 young (6144K), 6 survivors (6144K)
 Metaspace       used 92790K, committed 93440K, reserved 1179648K
  class space    used 12768K, committed 13120K, reserved 1048576K
}
Event: 16.263 GC heap before
{Heap before GC invocations=23 (full 0):
 garbage-first heap   total 188416K, used 149557K [0x0000000080000000, 0x0000000100000000)
  region size 1024K, 63 young (64512K), 6 survivors (6144K)
 Metaspace       used 93143K, committed 93824K, reserved 1179648K
  class space    used 12802K, committed 13120K, reserved 1048576K
}
Event: 16.272 GC heap after
{Heap after GC invocations=24 (full 0):
 garbage-first heap   total 188416K, used 96069K [0x0000000080000000, 0x0000000100000000)
  region size 1024K, 6 young (6144K), 6 survivors (6144K)
 Metaspace       used 93143K, committed 93824K, reserved 1179648K
  class space    used 12802K, committed 13120K, reserved 1048576K
}
Event: 17.073 GC heap before
{Heap before GC invocations=24 (full 0):
 garbage-first heap   total 188416K, used 152389K [0x0000000080000000, 0x0000000100000000)
  region size 1024K, 61 young (62464K), 6 survivors (6144K)
 Metaspace       used 97576K, committed 98240K, reserved 1179648K
  class space    used 13294K, committed 13632K, reserved 1048576K
}
Event: 17.079 GC heap after
{Heap after GC invocations=25 (full 0):
 garbage-first heap   total 188416K, used 100164K [0x0000000080000000, 0x0000000100000000)
  region size 1024K, 6 young (6144K), 6 survivors (6144K)
 Metaspace       used 97576K, committed 98240K, reserved 1179648K
  class space    used 13294K, committed 13632K, reserved 1048576K
}
Event: 17.346 GC heap before
{Heap before GC invocations=25 (full 0):
 garbage-first heap   total 188416K, used 151364K [0x0000000080000000, 0x0000000100000000)
  region size 1024K, 57 young (58368K), 6 survivors (6144K)
 Metaspace       used 97799K, committed 98432K, reserved 1179648K
  class space    used 13310K, committed 13632K, reserved 1048576K
}
Event: 17.352 GC heap after
{Heap after GC invocations=26 (full 0):
 garbage-first heap   total 188416K, used 103878K [0x0000000080000000, 0x0000000100000000)
  region size 1024K, 6 young (6144K), 6 survivors (6144K)
 Metaspace       used 97799K, committed 98432K, reserved 1179648K
  class space    used 13310K, committed 13632K, reserved 1048576K
}
Event: 19.590 GC heap before
{Heap before GC invocations=26 (full 0):
 garbage-first heap   total 188416K, used 152006K [0x0000000080000000, 0x0000000100000000)
  region size 1024K, 54 young (55296K), 6 survivors (6144K)
 Metaspace       used 99598K, committed 100224K, reserved 1179648K
  class space    used 13517K, committed 13824K, reserved 1048576K
}
Event: 19.610 GC heap after
{Heap after GC invocations=27 (full 0):
 garbage-first heap   total 376832K, used 107390K [0x0000000080000000, 0x0000000100000000)
  region size 1024K, 4 young (4096K), 4 survivors (4096K)
 Metaspace       used 99598K, committed 100224K, reserved 1179648K
  class space    used 13517K, committed 13824K, reserved 1048576K
}
Event: 21.880 GC heap before
{Heap before GC invocations=27 (full 0):
 garbage-first heap   total 376832K, used 170878K [0x0000000080000000, 0x0000000100000000)
  region size 1024K, 68 young (69632K), 4 survivors (4096K)
 Metaspace       used 100446K, committed 101120K, reserved 1179648K
  class space    used 13622K, committed 13952K, reserved 1048576K
}
Event: 21.887 GC heap after
{Heap after GC invocations=28 (full 0):
 garbage-first heap   total 376832K, used 111829K [0x0000000080000000, 0x0000000100000000)
  region size 1024K, 8 young (8192K), 8 survivors (8192K)
 Metaspace       used 100446K, committed 101120K, reserved 1179648K
  class space    used 13622K, committed 13952K, reserved 1048576K
}
Event: 28.217 GC heap before
{Heap before GC invocations=29 (full 0):
 garbage-first heap   total 376832K, used 277717K [0x0000000080000000, 0x0000000100000000)
  region size 1024K, 171 young (175104K), 8 survivors (8192K)
 Metaspace       used 105309K, committed 106112K, reserved 1179648K
  class space    used 14245K, committed 14656K, reserved 1048576K
}
Event: 28.236 GC heap after
{Heap after GC invocations=30 (full 0):
 garbage-first heap   total 376832K, used 123200K [0x0000000080000000, 0x0000000100000000)
  region size 1024K, 20 young (20480K), 20 survivors (20480K)
 Metaspace       used 105309K, committed 106112K, reserved 1179648K
  class space    used 14245K, committed 14656K, reserved 1048576K
}
Event: 28.248 GC heap before
{Heap before GC invocations=30 (full 0):
 garbage-first heap   total 376832K, used 124224K [0x0000000080000000, 0x0000000100000000)
  region size 1024K, 21 young (21504K), 20 survivors (20480K)
 Metaspace       used 105309K, committed 106112K, reserved 1179648K
  class space    used 14245K, committed 14656K, reserved 1048576K
}
Event: 28.266 GC heap after
{Heap after GC invocations=31 (full 0):
 garbage-first heap   total 376832K, used 122302K [0x0000000080000000, 0x0000000100000000)
  region size 1024K, 2 young (2048K), 2 survivors (2048K)
 Metaspace       used 105309K, committed 106112K, reserved 1179648K
  class space    used 14245K, committed 14656K, reserved 1048576K
}

