# JRE version: OpenJDK Runtime Environment JBR-17.0.9+7-1087.7-jcef (17.0.9+7) (build 17.0.9+7-b1087.7)
# Java VM: OpenJDK 64-Bit Server VM JBR-17.0.9+7-1087.7-jcef (17.0.9+7-b1087.7, mixed mode, tiered, compressed oops, compressed class ptrs, g1 gc, windows-amd64)
GC Precious Log:
 CPUs: 8 total, 8 available
 Memory: 24359M
 Large Page Support: Disabled
 NUMA Support: Disabled
 Compressed Oops: Enabled (Zero based)
 Heap Region Size: 4M
 Heap Min Capacity: 8M
 Heap Initial Capacity: 384M
 Heap Max Capacity: 6092M
 Pre-touch: Disabled
 Parallel Workers: 8
 Concurrent Workers: 2
 Concurrent Refinement Workers: 8
 Periodic GC: Disabled
Heap:
 garbage-first heap   total 225280K, used 126526K [0x0000000683400000, 0x0000000800000000)
  region size 4096K, 2 young (8192K), 2 survivors (8192K)
 Metaspace       used 90844K, committed 91264K, reserved 1179648K
  class space    used 9586K, committed 9792K, reserved 1048576K
GC Heap History (20 events):
Event: 9.414 GC heap after
{Heap after GC invocations=24 (full 0):
 garbage-first heap   total 155648K, used 87882K [0x0000000683400000, 0x0000000800000000)
  region size 4096K, 2 young (8192K), 2 survivors (8192K)
 Metaspace       used 63556K, committed 63872K, reserved 1114112K
  class space    used 7091K, committed 7232K, reserved 1048576K
}
Event: 10.305 GC heap before
{Heap before GC invocations=25 (full 0):
 garbage-first heap   total 163840K, used 120650K [0x0000000683400000, 0x0000000800000000)
  region size 4096K, 10 young (40960K), 2 survivors (8192K)
 Metaspace       used 64792K, committed 65088K, reserved 1114112K
  class space    used 7201K, committed 7360K, reserved 1048576K
}
Event: 10.317 GC heap after
{Heap after GC invocations=26 (full 0):
 garbage-first heap   total 163840K, used 92319K [0x0000000683400000, 0x0000000800000000)
  region size 4096K, 1 young (4096K), 1 survivors (4096K)
 Metaspace       used 64792K, committed 65088K, reserved 1114112K
  class space    used 7201K, committed 7360K, reserved 1048576K
}
Event: 10.901 GC heap before
{Heap before GC invocations=26 (full 0):
 garbage-first heap   total 163840K, used 129183K [0x0000000683400000, 0x0000000800000000)
  region size 4096K, 10 young (40960K), 1 survivors (4096K)
 Metaspace       used 69199K, committed 69568K, reserved 1114112K
  class space    used 7646K, committed 7808K, reserved 1048576K
}
Event: 10.910 GC heap after
{Heap after GC invocations=27 (full 0):
 garbage-first heap   total 212992K, used 93463K [0x0000000683400000, 0x0000000800000000)
  region size 4096K, 2 young (8192K), 2 survivors (8192K)
 Metaspace       used 69199K, committed 69568K, reserved 1114112K
  class space    used 7646K, committed 7808K, reserved 1048576K
}
Event: 12.342 GC heap before
{Heap before GC invocations=28 (full 0):
 garbage-first heap   total 212992K, used 158999K [0x0000000683400000, 0x0000000800000000)
  region size 4096K, 18 young (73728K), 2 survivors (8192K)
 Metaspace       used 74105K, committed 74496K, reserved 1179648K
  class space    used 8153K, committed 8320K, reserved 1048576K
}
Event: 12.357 GC heap after
{Heap after GC invocations=29 (full 0):
 garbage-first heap   total 212992K, used 105132K [0x0000000683400000, 0x0000000800000000)
  region size 4096K, 3 young (12288K), 3 survivors (12288K)
 Metaspace       used 74105K, committed 74496K, reserved 1179648K
  class space    used 8153K, committed 8320K, reserved 1048576K
}
Event: 13.315 GC heap before
{Heap before GC invocations=29 (full 0):
 garbage-first heap   total 212992K, used 158380K [0x0000000683400000, 0x0000000800000000)
  region size 4096K, 16 young (65536K), 3 survivors (12288K)
 Metaspace       used 76459K, committed 76800K, reserved 1179648K
  class space    used 8385K, committed 8576K, reserved 1048576K
}
Event: 13.335 GC heap after
{Heap after GC invocations=30 (full 0):
 garbage-first heap   total 212992K, used 117629K [0x0000000683400000, 0x0000000800000000)
  region size 4096K, 2 young (8192K), 2 survivors (8192K)
 Metaspace       used 76459K, committed 76800K, reserved 1179648K
  class space    used 8385K, committed 8576K, reserved 1048576K
}
Event: 13.948 GC heap before
{Heap before GC invocations=31 (full 0):
 garbage-first heap   total 221184K, used 154493K [0x0000000683400000, 0x0000000800000000)
  region size 4096K, 12 young (49152K), 2 survivors (8192K)
 Metaspace       used 82886K, committed 83264K, reserved 1179648K
  class space    used 9090K, committed 9280K, reserved 1048576K
}
Event: 13.957 GC heap after
{Heap after GC invocations=32 (full 0):
 garbage-first heap   total 221184K, used 123906K [0x0000000683400000, 0x0000000800000000)
  region size 4096K, 2 young (8192K), 2 survivors (8192K)
 Metaspace       used 82886K, committed 83264K, reserved 1179648K
  class space    used 9090K, committed 9280K, reserved 1048576K
}
Event: 14.007 GC heap before
{Heap before GC invocations=32 (full 0):
 garbage-first heap   total 221184K, used 128002K [0x0000000683400000, 0x0000000800000000)
  region size 4096K, 3 young (12288K), 2 survivors (8192K)
 Metaspace       used 83011K, committed 83392K, reserved 1179648K
  class space    used 9096K, committed 9280K, reserved 1048576K
}
Event: 14.016 GC heap after
{Heap after GC invocations=33 (full 0):
 garbage-first heap   total 221184K, used 122007K [0x0000000683400000, 0x0000000800000000)
  region size 4096K, 1 young (4096K), 1 survivors (4096K)
 Metaspace       used 83011K, committed 83392K, reserved 1179648K
  class space    used 9096K, committed 9280K, reserved 1048576K
}
Event: 14.762 GC heap before
{Heap before GC invocations=33 (full 0):
 garbage-first heap   total 221184K, used 167063K [0x0000000683400000, 0x0000000800000000)
  region size 4096K, 12 young (49152K), 1 survivors (4096K)
 Metaspace       used 85058K, committed 85440K, reserved 1179648K
  class space    used 9204K, committed 9408K, reserved 1048576K
}
Event: 14.766 GC heap after
{Heap after GC invocations=34 (full 0):
 garbage-first heap   total 221184K, used 122943K [0x0000000683400000, 0x0000000800000000)
  region size 4096K, 1 young (4096K), 1 survivors (4096K)
 Metaspace       used 85058K, committed 85440K, reserved 1179648K
  class space    used 9204K, committed 9408K, reserved 1048576K
}
Event: 15.738 GC heap before
{Heap before GC invocations=35 (full 0):
 garbage-first heap   total 225280K, used 172095K [0x0000000683400000, 0x0000000800000000)
  region size 4096K, 13 young (53248K), 1 survivors (4096K)
 Metaspace       used 88397K, committed 88832K, reserved 1179648K
  class space    used 9454K, committed 9664K, reserved 1048576K
}
Event: 15.746 GC heap after
{Heap after GC invocations=36 (full 0):
 garbage-first heap   total 225280K, used 125499K [0x0000000683400000, 0x0000000800000000)
  region size 4096K, 2 young (8192K), 2 survivors (8192K)
 Metaspace       used 88397K, committed 88832K, reserved 1179648K
  class space    used 9454K, committed 9664K, reserved 1048576K
}
Event: 15.854 GC heap before
{Heap before GC invocations=36 (full 0):
 garbage-first heap   total 225280K, used 129595K [0x0000000683400000, 0x0000000800000000)
  region size 4096K, 3 young (12288K), 2 survivors (8192K)
 Metaspace       used 88523K, committed 88960K, reserved 1179648K
  class space    used 9454K, committed 9664K, reserved 1048576K
}
Event: 15.864 GC heap after
{Heap after GC invocations=37 (full 0):
 garbage-first heap   total 225280K, used 122980K [0x0000000683400000, 0x0000000800000000)
  region size 4096K, 1 young (4096K), 1 survivors (4096K)
 Metaspace       used 88523K, committed 88960K, reserved 1179648K
  class space    used 9454K, committed 9664K, reserved 1048576K
}
Event: 16.706 GC heap before
{Heap before GC invocations=37 (full 0):
 garbage-first heap   total 225280K, used 176228K [0x0000000683400000, 0x0000000800000000)
  region size 4096K, 14 young (57344K), 1 survivors (4096K)
 Metaspace       used 90844K, committed 91264K, reserved 1179648K
  class space    used 9586K, committed 9792K, reserved 1048576K
}

