# JRE version: OpenJDK Runtime Environment JBR-17.0.9+7-1087.7-jcef (17.0.9+7) (build 17.0.9+7-b1087.7)
# Java VM: OpenJDK 64-Bit Server VM JBR-17.0.9+7-1087.7-jcef (17.0.9+7-b1087.7, mixed mode, tiered, compressed oops, compressed class ptrs, g1 gc, windows-amd64)
GC Precious Log:
 CPUs: 8 total, 8 available
 Memory: 24359M
 Large Page Support: Disabled
 NUMA Support: Disabled
 Compressed Oops: Enabled (Zero based)
 Heap Region Size: 4M
 Heap Min Capacity: 8M
 Heap Initial Capacity: 384M
 Heap Max Capacity: 6092M
 Pre-touch: Disabled
 Parallel Workers: 8
 Concurrent Workers: 2
 Concurrent Refinement Workers: 8
 Periodic GC: Disabled
Heap:
 garbage-first heap   total 303104K, used 168168K [0x0000000683400000, 0x0000000800000000)
  region size 4096K, 1 young (4096K), 1 survivors (4096K)
 Metaspace       used 88135K, committed 88576K, reserved 1179648K
  class space    used 9346K, committed 9536K, reserved 1048576K
GC Heap History (20 events):
Event: 17.271 GC heap after
{Heap after GC invocations=32 (full 0):
 garbage-first heap   total 225280K, used 114391K [0x0000000683400000, 0x0000000800000000)
  region size 4096K, 2 young (8192K), 2 survivors (8192K)
 Metaspace       used 66004K, committed 66304K, reserved 1114112K
  class space    used 7274K, committed 7424K, reserved 1048576K
}
Event: 17.853 GC heap before
{Heap before GC invocations=32 (full 0):
 garbage-first heap   total 225280K, used 175831K [0x0000000683400000, 0x0000000800000000)
  region size 4096K, 17 young (69632K), 2 survivors (8192K)
 Metaspace       used 66622K, committed 66944K, reserved 1114112K
  class space    used 7316K, committed 7488K, reserved 1048576K
}
Event: 17.863 GC heap after
{Heap after GC invocations=33 (full 0):
 garbage-first heap   total 225280K, used 119831K [0x0000000683400000, 0x0000000800000000)
  region size 4096K, 3 young (12288K), 3 survivors (12288K)
 Metaspace       used 66622K, committed 66944K, reserved 1114112K
  class space    used 7316K, committed 7488K, reserved 1048576K
}
Event: 19.459 GC heap before
{Heap before GC invocations=34 (full 0):
 garbage-first heap   total 225280K, used 177175K [0x0000000683400000, 0x0000000800000000)
  region size 4096K, 17 young (69632K), 3 survivors (12288K)
 Metaspace       used 72969K, committed 73280K, reserved 1114112K
  class space    used 7933K, committed 8064K, reserved 1048576K
}
Event: 19.469 GC heap after
{Heap after GC invocations=35 (full 0):
 garbage-first heap   total 225280K, used 125489K [0x0000000683400000, 0x0000000800000000)
  region size 4096K, 3 young (12288K), 3 survivors (12288K)
 Metaspace       used 72969K, committed 73280K, reserved 1114112K
  class space    used 7933K, committed 8064K, reserved 1048576K
}
Event: 20.198 GC heap before
{Heap before GC invocations=35 (full 0):
 garbage-first heap   total 225280K, used 178737K [0x0000000683400000, 0x0000000800000000)
  region size 4096K, 16 young (65536K), 3 survivors (12288K)
 Metaspace       used 75254K, committed 75520K, reserved 1179648K
  class space    used 8194K, committed 8320K, reserved 1048576K
}
Event: 20.214 GC heap after
{Heap after GC invocations=36 (full 0):
 garbage-first heap   total 225280K, used 135873K [0x0000000683400000, 0x0000000800000000)
  region size 4096K, 2 young (8192K), 2 survivors (8192K)
 Metaspace       used 75254K, committed 75520K, reserved 1179648K
  class space    used 8194K, committed 8320K, reserved 1048576K
}
Event: 20.898 GC heap before
{Heap before GC invocations=37 (full 0):
 garbage-first heap   total 245760K, used 176833K [0x0000000683400000, 0x0000000800000000)
  region size 4096K, 12 young (49152K), 2 survivors (8192K)
 Metaspace       used 75983K, committed 76288K, reserved 1179648K
  class space    used 8257K, committed 8384K, reserved 1048576K
}
Event: 20.914 GC heap after
{Heap after GC invocations=38 (full 0):
 garbage-first heap   total 245760K, used 153130K [0x0000000683400000, 0x0000000800000000)
  region size 4096K, 2 young (8192K), 2 survivors (8192K)
 Metaspace       used 75983K, committed 76288K, reserved 1179648K
  class space    used 8257K, committed 8384K, reserved 1048576K
}
Event: 21.371 GC heap before
{Heap before GC invocations=38 (full 0):
 garbage-first heap   total 245760K, used 189994K [0x0000000683400000, 0x0000000800000000)
  region size 4096K, 11 young (45056K), 2 survivors (8192K)
 Metaspace       used 76402K, committed 76736K, reserved 1179648K
  class space    used 8279K, committed 8448K, reserved 1048576K
}
Event: 21.382 GC heap after
{Heap after GC invocations=39 (full 0):
 garbage-first heap   total 245760K, used 161156K [0x0000000683400000, 0x0000000800000000)
  region size 4096K, 2 young (8192K), 2 survivors (8192K)
 Metaspace       used 76402K, committed 76736K, reserved 1179648K
  class space    used 8279K, committed 8448K, reserved 1048576K
}
Event: 21.867 GC heap before
{Heap before GC invocations=40 (full 0):
 garbage-first heap   total 294912K, used 189828K [0x0000000683400000, 0x0000000800000000)
  region size 4096K, 9 young (36864K), 2 survivors (8192K)
 Metaspace       used 79230K, committed 79616K, reserved 1179648K
  class space    used 8594K, committed 8768K, reserved 1048576K
}
Event: 21.873 GC heap after
{Heap after GC invocations=41 (full 0):
 garbage-first heap   total 294912K, used 164328K [0x0000000683400000, 0x0000000800000000)
  region size 4096K, 1 young (4096K), 1 survivors (4096K)
 Metaspace       used 79230K, committed 79616K, reserved 1179648K
  class space    used 8594K, committed 8768K, reserved 1048576K
}
Event: 22.544 GC heap before
{Heap before GC invocations=41 (full 0):
 garbage-first heap   total 294912K, used 221672K [0x0000000683400000, 0x0000000800000000)
  region size 4096K, 15 young (61440K), 1 survivors (4096K)
 Metaspace       used 85846K, committed 86208K, reserved 1179648K
  class space    used 9273K, committed 9472K, reserved 1048576K
}
Event: 22.550 GC heap after
{Heap after GC invocations=42 (full 0):
 garbage-first heap   total 294912K, used 167903K [0x0000000683400000, 0x0000000800000000)
  region size 4096K, 2 young (8192K), 2 survivors (8192K)
 Metaspace       used 85846K, committed 86208K, reserved 1179648K
  class space    used 9273K, committed 9472K, reserved 1048576K
}
Event: 23.388 GC heap before
{Heap before GC invocations=43 (full 0):
 garbage-first heap   total 303104K, used 225247K [0x0000000683400000, 0x0000000800000000)
  region size 4096K, 16 young (65536K), 2 survivors (8192K)
 Metaspace       used 87471K, committed 87936K, reserved 1179648K
  class space    used 9334K, committed 9536K, reserved 1048576K
}
Event: 23.394 GC heap after
{Heap after GC invocations=44 (full 0):
 garbage-first heap   total 303104K, used 170437K [0x0000000683400000, 0x0000000800000000)
  region size 4096K, 2 young (8192K), 2 survivors (8192K)
 Metaspace       used 87471K, committed 87936K, reserved 1179648K
  class space    used 9334K, committed 9536K, reserved 1048576K
}
Event: 23.412 GC heap before
{Heap before GC invocations=44 (full 0):
 garbage-first heap   total 303104K, used 174533K [0x0000000683400000, 0x0000000800000000)
  region size 4096K, 3 young (12288K), 2 survivors (8192K)
 Metaspace       used 87503K, committed 87936K, reserved 1179648K
  class space    used 9334K, committed 9536K, reserved 1048576K
}
Event: 23.420 GC heap after
{Heap after GC invocations=45 (full 0):
 garbage-first heap   total 303104K, used 166699K [0x0000000683400000, 0x0000000800000000)
  region size 4096K, 1 young (4096K), 1 survivors (4096K)
 Metaspace       used 87503K, committed 87936K, reserved 1179648K
  class space    used 9334K, committed 9536K, reserved 1048576K
}
Event: 24.009 GC heap before
{Heap before GC invocations=45 (full 0):
 garbage-first heap   total 303104K, used 232235K [0x0000000683400000, 0x0000000800000000)
  region size 4096K, 17 young (69632K), 1 survivors (4096K)
 Metaspace       used 88135K, committed 88576K, reserved 1179648K
  class space    used 9346K, committed 9536K, reserved 1048576K
}

