# JRE version: OpenJDK Runtime Environment (17.0.6) (build 17.0.6+0-b2043.56-10027231)
# Java VM: OpenJDK 64-Bit Server VM (17.0.6+0-b2043.56-10027231, mixed mode, tiered, compressed oops, compressed class ptrs, g1 gc, windows-amd64)
GC Precious Log:
 CPUs: 8 total, 8 available
 Memory: 24359M
 Large Page Support: Disabled
 NUMA Support: Disabled
 Compressed Oops: Enabled (32-bit)
 Heap Region Size: 1M
 Heap Min Capacity: 8M
 Heap Initial Capacity: 382M
 Heap Max Capacity: 2G
 Pre-touch: Disabled
 Parallel Workers: 8
 Concurrent Workers: 2
 Concurrent Refinement Workers: 8
 Periodic GC: Disabled
Heap:
 garbage-first heap   total 391168K, used 122180K [0x0000000080000000, 0x0000000100000000)
  region size 1024K, 2 young (2048K), 2 survivors (2048K)
 Metaspace       used 145233K, committed 146560K, reserved 1179648K
  class space    used 19415K, committed 20032K, reserved 1048576K
GC Heap History (20 events):
Event: 3275.146 GC heap after
{Heap after GC invocations=36 (full 0):
 garbage-first heap   total 321536K, used 161190K [0x0000000080000000, 0x0000000100000000)
  region size 1024K, 1 young (1024K), 1 survivors (1024K)
 Metaspace       used 144568K, committed 145792K, reserved 1179648K
  class space    used 19384K, committed 19968K, reserved 1048576K
}
Event: 3326.267 GC heap before
{Heap before GC invocations=37 (full 0):
 garbage-first heap   total 321536K, used 268710K [0x0000000080000000, 0x0000000100000000)
  region size 1024K, 102 young (104448K), 1 survivors (1024K)
 Metaspace       used 144838K, committed 146112K, reserved 1179648K
  class space    used 19415K, committed 20032K, reserved 1048576K
}
Event: 3326.277 GC heap after
{Heap after GC invocations=38 (full 0):
 garbage-first heap   total 321536K, used 170257K [0x0000000080000000, 0x0000000100000000)
  region size 1024K, 10 young (10240K), 10 survivors (10240K)
 Metaspace       used 144838K, committed 146112K, reserved 1179648K
  class space    used 19415K, committed 20032K, reserved 1048576K
}
Event: 3326.306 GC heap before
{Heap before GC invocations=38 (full 0):
 garbage-first heap   total 321536K, used 175377K [0x0000000080000000, 0x0000000100000000)
  region size 1024K, 15 young (15360K), 10 survivors (10240K)
 Metaspace       used 144842K, committed 146112K, reserved 1179648K
  class space    used 19416K, committed 20032K, reserved 1048576K
}
Event: 3326.322 GC heap after
{Heap after GC invocations=39 (full 0):
 garbage-first heap   total 321536K, used 151015K [0x0000000080000000, 0x0000000100000000)
  region size 1024K, 2 young (2048K), 2 survivors (2048K)
 Metaspace       used 144842K, committed 146112K, reserved 1179648K
  class space    used 19416K, committed 20032K, reserved 1048576K
}
Event: 3326.366 GC heap before
{Heap before GC invocations=39 (full 0):
 garbage-first heap   total 321536K, used 164327K [0x0000000080000000, 0x0000000100000000)
  region size 1024K, 15 young (15360K), 2 survivors (2048K)
 Metaspace       used 144846K, committed 146112K, reserved 1179648K
  class space    used 19416K, committed 20032K, reserved 1048576K
}
Event: 3326.377 GC heap after
{Heap after GC invocations=40 (full 0):
 garbage-first heap   total 321536K, used 149782K [0x0000000080000000, 0x0000000100000000)
  region size 1024K, 2 young (2048K), 2 survivors (2048K)
 Metaspace       used 144846K, committed 146112K, reserved 1179648K
  class space    used 19416K, committed 20032K, reserved 1048576K
}
Event: 3326.384 GC heap before
{Heap before GC invocations=40 (full 0):
 garbage-first heap   total 321536K, used 150806K [0x0000000080000000, 0x0000000100000000)
  region size 1024K, 5 young (5120K), 2 survivors (2048K)
 Metaspace       used 144846K, committed 146112K, reserved 1179648K
  class space    used 19416K, committed 20032K, reserved 1048576K
}
Event: 3326.388 GC heap after
{Heap after GC invocations=41 (full 0):
 garbage-first heap   total 321536K, used 151208K [0x0000000080000000, 0x0000000100000000)
  region size 1024K, 4 young (4096K), 4 survivors (4096K)
 Metaspace       used 144846K, committed 146112K, reserved 1179648K
  class space    used 19416K, committed 20032K, reserved 1048576K
}
Event: 3866.279 GC heap before
{Heap before GC invocations=42 (full 0):
 garbage-first heap   total 321536K, used 223912K [0x0000000080000000, 0x0000000100000000)
  region size 1024K, 72 young (73728K), 4 survivors (4096K)
 Metaspace       used 144905K, committed 146176K, reserved 1179648K
  class space    used 19416K, committed 20032K, reserved 1048576K
}
Event: 3866.284 GC heap after
{Heap after GC invocations=43 (full 0):
 garbage-first heap   total 321536K, used 149846K [0x0000000080000000, 0x0000000100000000)
  region size 1024K, 7 young (7168K), 7 survivors (7168K)
 Metaspace       used 144905K, committed 146176K, reserved 1179648K
  class space    used 19416K, committed 20032K, reserved 1048576K
}
Event: 3866.319 GC heap before
{Heap before GC invocations=43 (full 0):
 garbage-first heap   total 321536K, used 158038K [0x0000000080000000, 0x0000000100000000)
  region size 1024K, 15 young (15360K), 7 survivors (7168K)
 Metaspace       used 144922K, committed 146240K, reserved 1179648K
  class space    used 19416K, committed 20032K, reserved 1048576K
}
Event: 3866.325 GC heap after
{Heap after GC invocations=44 (full 0):
 garbage-first heap   total 321536K, used 134431K [0x0000000080000000, 0x0000000100000000)
  region size 1024K, 2 young (2048K), 2 survivors (2048K)
 Metaspace       used 144922K, committed 146240K, reserved 1179648K
  class space    used 19416K, committed 20032K, reserved 1048576K
}
Event: 3866.458 GC heap before
{Heap before GC invocations=44 (full 0):
 garbage-first heap   total 321536K, used 160031K [0x0000000080000000, 0x0000000100000000)
  region size 1024K, 29 young (29696K), 2 survivors (2048K)
 Metaspace       used 144974K, committed 146304K, reserved 1179648K
  class space    used 19416K, committed 20032K, reserved 1048576K
}
Event: 3866.463 GC heap after
{Heap after GC invocations=45 (full 0):
 garbage-first heap   total 321536K, used 138826K [0x0000000080000000, 0x0000000100000000)
  region size 1024K, 6 young (6144K), 6 survivors (6144K)
 Metaspace       used 144974K, committed 146304K, reserved 1179648K
  class space    used 19416K, committed 20032K, reserved 1048576K
}
Event: 4198.489 GC heap before
{Heap before GC invocations=46 (full 0):
 garbage-first heap   total 321536K, used 229962K [0x0000000080000000, 0x0000000100000000)
  region size 1024K, 88 young (90112K), 6 survivors (6144K)
 Metaspace       used 145214K, committed 146496K, reserved 1179648K
  class space    used 19415K, committed 20032K, reserved 1048576K
}
Event: 4198.495 GC heap after
{Heap after GC invocations=47 (full 0):
 garbage-first heap   total 321536K, used 140474K [0x0000000080000000, 0x0000000100000000)
  region size 1024K, 8 young (8192K), 8 survivors (8192K)
 Metaspace       used 145214K, committed 146496K, reserved 1179648K
  class space    used 19415K, committed 20032K, reserved 1048576K
}
Event: 4198.515 GC heap before
{Heap before GC invocations=47 (full 0):
 garbage-first heap   total 321536K, used 147642K [0x0000000080000000, 0x0000000100000000)
  region size 1024K, 15 young (15360K), 8 survivors (8192K)
 Metaspace       used 145215K, committed 146496K, reserved 1179648K
  class space    used 19415K, committed 20032K, reserved 1048576K
}
Event: 4198.526 GC heap after
{Heap after GC invocations=48 (full 0):
 garbage-first heap   total 321536K, used 121557K [0x0000000080000000, 0x0000000100000000)
  region size 1024K, 2 young (2048K), 2 survivors (2048K)
 Metaspace       used 145215K, committed 146496K, reserved 1179648K
  class space    used 19415K, committed 20032K, reserved 1048576K
}
Event: 4198.572 GC heap before
{Heap before GC invocations=48 (full 0):
 garbage-first heap   total 321536K, used 133845K [0x0000000080000000, 0x0000000100000000)
  region size 1024K, 15 young (15360K), 2 survivors (2048K)
 Metaspace       used 145233K, committed 146560K, reserved 1179648K
  class space    used 19415K, committed 20032K, reserved 1048576K
}

